2024-11-27 21:05:45 [scrapy.utils.log] INFO: Scrapy 2.11.0 started (bot: ecommerce_ai_platform)
2024-11-27 21:05:45 [scrapy.utils.log] INFO: Versions: lxml 5.3.0.0, libxml2 2.12.9, cssselect 1.2.0, parsel 1.9.1, w3lib 2.2.1, Twisted 22.10.0, Python 3.11.8 (main, Nov 26 2024, 21:15:00) [Clang 16.0.0 (clang-1600.0.26.4)], pyOpenSSL 24.2.1 (OpenSSL 3.3.2 3 Sep 2024), cryptography 43.0.3, Platform macOS-15.1.1-arm64-arm-64bit
2024-11-27 21:05:45 [scrapy.addons] INFO: Enabled addons:
[]
2024-11-27 21:05:45 [twisted] CRITICAL: Unhandled error in Deferred:
2024-11-27 21:05:45 [twisted] CRITICAL: 
Traceback (most recent call last):
  File "/Users/mehmetcopur/Documents/My Projects/ecommerce-ai-platform/venv/lib/python3.11/site-packages/twisted/internet/defer.py", line 1697, in _inlineCallbacks
    result = context.run(gen.send, result)
  File "/Users/mehmetcopur/Documents/My Projects/ecommerce-ai-platform/venv/lib/python3.11/site-packages/scrapy/crawler.py", line 156, in crawl
    self._apply_settings()
  File "/Users/mehmetcopur/Documents/My Projects/ecommerce-ai-platform/venv/lib/python3.11/site-packages/scrapy/crawler.py", line 125, in _apply_settings
    install_reactor(reactor_class, event_loop)
  File "/Users/mehmetcopur/Documents/My Projects/ecommerce-ai-platform/venv/lib/python3.11/site-packages/scrapy/utils/reactor.py", line 101, in install_reactor
    reactor_class = load_object(reactor_path)
  File "/Users/mehmetcopur/Documents/My Projects/ecommerce-ai-platform/venv/lib/python3.11/site-packages/scrapy/utils/misc.py", line 79, in load_object
    mod = import_module(module)
  File "/Users/mehmetcopur/.pyenv/versions/3.11.8/lib/python3.11/importlib/__init__.py", line 126, in import_module
    return _bootstrap._gcd_import(name[level:], package, level)
  File "<frozen importlib._bootstrap>", line 1204, in _gcd_import
  File "<frozen importlib._bootstrap>", line 1176, in _find_and_load
  File "<frozen importlib._bootstrap>", line 1140, in _find_and_load_unlocked
ModuleNotFoundError: No module named 'twisted.internet.asyncio'
2024-11-27 21:13:28 [scrapy.utils.log] INFO: Scrapy 2.11.0 started (bot: ecommerce_ai_platform)
2024-11-27 21:13:28 [scrapy.utils.log] INFO: Versions: lxml 5.3.0.0, libxml2 2.12.9, cssselect 1.2.0, parsel 1.9.1, w3lib 2.2.1, Twisted 22.10.0, Python 3.11.8 (main, Nov 26 2024, 21:15:00) [Clang 16.0.0 (clang-1600.0.26.4)], pyOpenSSL 24.2.1 (OpenSSL 3.3.2 3 Sep 2024), cryptography 43.0.3, Platform macOS-15.1.1-arm64-arm-64bit
2024-11-27 21:13:28 [scrapy.addons] INFO: Enabled addons:
[]
2024-11-27 21:13:28 [twisted] CRITICAL: Unhandled error in Deferred:
2024-11-27 21:13:28 [twisted] CRITICAL: 
Traceback (most recent call last):
  File "/Users/mehmetcopur/Documents/My Projects/ecommerce-ai-platform/venv/lib/python3.11/site-packages/twisted/internet/defer.py", line 1697, in _inlineCallbacks
    result = context.run(gen.send, result)
  File "/Users/mehmetcopur/Documents/My Projects/ecommerce-ai-platform/venv/lib/python3.11/site-packages/scrapy/crawler.py", line 156, in crawl
    self._apply_settings()
  File "/Users/mehmetcopur/Documents/My Projects/ecommerce-ai-platform/venv/lib/python3.11/site-packages/scrapy/crawler.py", line 125, in _apply_settings
    install_reactor(reactor_class, event_loop)
  File "/Users/mehmetcopur/Documents/My Projects/ecommerce-ai-platform/venv/lib/python3.11/site-packages/scrapy/utils/reactor.py", line 101, in install_reactor
    reactor_class = load_object(reactor_path)
  File "/Users/mehmetcopur/Documents/My Projects/ecommerce-ai-platform/venv/lib/python3.11/site-packages/scrapy/utils/misc.py", line 79, in load_object
    mod = import_module(module)
  File "/Users/mehmetcopur/.pyenv/versions/3.11.8/lib/python3.11/importlib/__init__.py", line 126, in import_module
    return _bootstrap._gcd_import(name[level:], package, level)
  File "<frozen importlib._bootstrap>", line 1204, in _gcd_import
  File "<frozen importlib._bootstrap>", line 1176, in _find_and_load
  File "<frozen importlib._bootstrap>", line 1140, in _find_and_load_unlocked
ModuleNotFoundError: No module named 'twisted.internet.asyncio'
